<?xml version="1.0" encoding="UTF-8"?>
<testsuite name="edu.fisa.ce.Step07CicdApplicationTests" tests="1" skipped="0" failures="0" errors="0" timestamp="2025-04-08T01:59:01.101Z" hostname="2-00" time="0.674">
  <properties/>
  <testcase name="contextLoads()" classname="edu.fisa.ce.Step07CicdApplicationTests" time="0.674"/>
  <system-out><![CDATA[10:58:59.032 [Test worker] INFO org.springframework.test.context.support.AnnotationConfigContextLoaderUtils -- Could not detect default configuration classes for test class [edu.fisa.ce.Step07CicdApplicationTests]: Step07CicdApplicationTests does not declare any static, non-private, non-final, nested classes annotated with @Configuration.
10:58:59.145 [Test worker] INFO org.springframework.boot.test.context.SpringBootTestContextBootstrapper -- Found @SpringBootConfiguration edu.fisa.ce.Step07CicdApplication for test class edu.fisa.ce.Step07CicdApplicationTests

  .   ____          _            __ _ _
 /\\ / ___'_ __ _ _(_)_ __  __ _ \ \ \ \
( ( )\___ | '_ | '_| | '_ \/ _` | \ \ \ \
 \\/  ___)| |_)| | | | | || (_| |  ) ) ) )
  '  |____| .__|_| |_|_| |_\__, | / / / /
 =========|_|==============|___/=/_/_/_/

 :: Spring Boot ::                (v3.4.4)

2025-04-08T10:58:59.548+09:00  INFO 6320 --- [step07_cicd] [    Test worker] edu.fisa.ce.Step07CicdApplicationTests   : Starting Step07CicdApplicationTests using Java 17 with PID 6320 (started by 2-00 in C:\01.lab\05.Spring\step07_cicd)
2025-04-08T10:58:59.549+09:00  INFO 6320 --- [step07_cicd] [    Test worker] edu.fisa.ce.Step07CicdApplicationTests   : No active profile set, falling back to 1 default profile: "default"
2025-04-08T10:59:00.993+09:00  INFO 6320 --- [step07_cicd] [    Test worker] o.s.b.a.e.web.EndpointLinksResolver      : Exposing 3 endpoints beneath base path '/actuator'
2025-04-08T10:59:01.054+09:00  INFO 6320 --- [step07_cicd] [    Test worker] edu.fisa.ce.Step07CicdApplicationTests   : Started Step07CicdApplicationTests in 1.773 seconds (process running for 3.044)
비교 전***********
비교 후***********
]]></system-out>
  <system-err><![CDATA[]]></system-err>
</testsuite>
